\BOOKMARK [0][-]{chapter*.1}{Abstract}{}% 1
\BOOKMARK [0][-]{chapter*.2}{Lay Summary}{}% 2
\BOOKMARK [0][-]{chapter*.3}{Preface}{}% 3
\BOOKMARK [0][-]{chapter*.4}{Table of Contents}{}% 4
\BOOKMARK [0][-]{chapter*.5}{List of Tables}{}% 5
\BOOKMARK [0][-]{chapter*.6}{List of Figures}{}% 6
\BOOKMARK [0][-]{section*.7}{List of Symbols}{}% 7
\BOOKMARK [0][-]{section*.9}{Glossary}{}% 8
\BOOKMARK [0][-]{chapter*.11}{Acknowledgments}{}% 9
\BOOKMARK [0][-]{chapter.1}{1 Introduction}{}% 10
\BOOKMARK [1][-]{section.1.1}{1.1 Oversampling and Noise Shaping}{chapter.1}% 11
\BOOKMARK [1][-]{section.1.2}{1.2 Basic Structure}{chapter.1}% 12
\BOOKMARK [2][-]{subsection.1.2.1}{1.2.1 Discrete-Time Modulator}{section.1.2}% 13
\BOOKMARK [2][-]{subsection.1.2.2}{1.2.2 Continuous-Time Modulator}{section.1.2}% 14
\BOOKMARK [1][-]{section.1.3}{1.3 Loop Filter}{chapter.1}% 15
\BOOKMARK [1][-]{section.1.4}{1.4 Related Works}{chapter.1}% 16
\BOOKMARK [1][-]{section.1.5}{1.5 Organization of this Thesis}{chapter.1}% 17
\BOOKMARK [1][-]{section.1.6}{1.6 Suggested Thesis Organization}{chapter.1}% 18
\BOOKMARK [1][-]{section.1.7}{1.7 Making Cross-References}{chapter.1}% 19
\BOOKMARK [1][-]{section.1.8}{1.8 Managing Bibliographies with BibTeX}{chapter.1}% 20
\BOOKMARK [2][-]{subsection.1.8.1}{1.8.1 Describing References}{section.1.8}% 21
\BOOKMARK [2][-]{subsection.1.8.2}{1.8.2 Citing References}{section.1.8}% 22
\BOOKMARK [2][-]{subsection.1.8.3}{1.8.3 Formatting Cited References}{section.1.8}% 23
\BOOKMARK [1][-]{section.1.9}{1.9 Typesetting Tables}{chapter.1}% 24
\BOOKMARK [1][-]{section.1.10}{1.10 Figures, Graphics, and Special Characters}{chapter.1}% 25
\BOOKMARK [1][-]{section.1.11}{1.11 Special Characters and Symbols}{chapter.1}% 26
\BOOKMARK [1][-]{section.1.12}{1.12 Changing Page Widths and Heights}{chapter.1}% 27
\BOOKMARK [2][-]{subsection.1.12.1}{1.12.1 The geometry Package}{section.1.12}% 28
\BOOKMARK [2][-]{subsection.1.12.2}{1.12.2 Changing Page Layout Values By Hand}{section.1.12}% 29
\BOOKMARK [2][-]{subsection.1.12.3}{1.12.3 Making Temporary Changes to Page Layout}{section.1.12}% 30
\BOOKMARK [1][-]{section.1.13}{1.13 Keeping Track of Versions with Revision Control}{chapter.1}% 31
\BOOKMARK [1][-]{section.1.14}{1.14 Recommended Packages}{chapter.1}% 32
\BOOKMARK [2][-]{subsection.1.14.1}{1.14.1 Typesetting}{section.1.14}% 33
\BOOKMARK [2][-]{subsection.1.14.2}{1.14.2 Figures, Tables, and Document Extracts}{section.1.14}% 34
\BOOKMARK [2][-]{subsection.1.14.3}{1.14.3 Bibliography Related Packages}{section.1.14}% 35
\BOOKMARK [1][-]{section.1.15}{1.15 Moving On}{chapter.1}% 36
\BOOKMARK [0][-]{appendix.A}{A Supporting Materials}{}% 37
